<?xml version="1.0" encoding="UTF-8"?>
<!-- Generated by org.testng.reporters.JUnitReportReporter -->
<testsuite hostname="DESKTOP-FJDSB4Q" failures="0" tests="1" name="com.practise.hybridframework_2022.Tasecases.Logintc01" time="9.600" errors="0" timestamp="2022-01-03T13:38:12 IST" skipped="0">
  <testcase classname="com.practise.hybridframework_2022.Tasecases.Logintc01" name="loginorangehrm" time="9.600"/>
  <system-out/>
</testsuite> <!-- com.practise.hybridframework_2022.Tasecases.Logintc01 -->
